<?xml version="1.0" encoding="UTF-8"?>
<!-- Generated by org.testng.reporters.JUnitReportReporter -->
<testsuite hostname="LAPTOP-NMFO0EJL" failures="0" tests="6" name="com.test.Excel_Read1" time="36.589" errors="0" timestamp="2020-06-25T04:01:48 EDT" skipped="0">
  <testcase classname="com.test.Excel_Read1" name="test" time="6.310"/>
  <system-out/>
  <testcase classname="com.test.Excel_Read1" name="test" time="5.733"/>
  <system-out/>
  <testcase classname="com.test.Excel_Read1" name="test" time="5.847"/>
  <system-out/>
  <testcase classname="com.test.Excel_Read1" name="test" time="6.005"/>
  <system-out/>
  <testcase classname="com.test.Excel_Read1" name="test" time="6.104"/>
  <system-out/>
  <testcase classname="com.test.Excel_Read1" name="test" time="6.590"/>
  <system-out/>
</testsuite> <!-- com.test.Excel_Read1 -->
