<?xml version="1.0" encoding="UTF-8"?>
<!-- Generated by org.testng.reporters.JUnitReportReporter -->
<testsuite hostname="LAPTOP-NMFO0EJL" failures="0" tests="1" name="com.test.ArrayCopy" time="0.016" errors="0" timestamp="2020-06-27T18:43:17 EDT" skipped="0">
  <testcase classname="com.test.ArrayCopy" name="copyArray" time="0.016"/>
  <system-out/>
</testsuite> <!-- com.test.ArrayCopy -->
