<?xml version="1.0" encoding="UTF-8"?>
<!-- Generated by org.testng.reporters.JUnitReportReporter -->
<testsuite hostname="LAPTOP-NMFO0EJL" failures="0" tests="1" name="com.test.Excel_Read" time="139.799" errors="0" timestamp="2020-06-25T04:05:53 EDT" skipped="0">
  <testcase classname="com.test.Excel_Read" name="execlRead" time="139.799"/>
  <system-out/>
</testsuite> <!-- com.test.Excel_Read -->
