<?xml version="1.0" encoding="UTF-8"?>
<!-- Generated by org.testng.reporters.JUnitReportReporter -->
<testsuite hostname="LAPTOP-NMFO0EJL" failures="0" tests="1" name="com.test.DoubleArray" time="0.016" errors="0" timestamp="2020-06-29T15:37:56 EDT" skipped="0">
  <testcase classname="com.test.DoubleArray" name="array" time="0.016"/>
  <system-out/>
</testsuite> <!-- com.test.DoubleArray -->
