<?xml version="1.0" encoding="UTF-8"?>
<!-- Generated by org.testng.reporters.JUnitReportReporter -->
<testsuite hostname="LAPTOP-NMFO0EJL" failures="0" tests="5" name="com.test.TestNG_Features" time="0.003" errors="0" timestamp="2020-06-12T21:13:13 EDT" skipped="1">
  <testcase classname="com.test.TestNG_Features" name="loginTest" time="0.002"/>
  <system-out/>
  <testcase classname="com.test.TestNG_Features" name="interviewQuestionTest" time="0.001"/>
  <system-out/>
  <testcase classname="com.test.TestNG_Features" name="testNGTest" time="0.000"/>
  <system-out/>
  <testcase classname="com.test.TestNG_Features" name="seleniumTest" time="0.000"/>
  <system-out/>
  <testcase classname="com.test.TestNG_Features" name="forumTest">
    <skipped/>
  </testcase> <!-- forumTest -->
  <system-out/>
</testsuite> <!-- com.test.TestNG_Features -->
