<?xml version="1.0" encoding="UTF-8"?>
<!-- Generated by org.testng.reporters.JUnitReportReporter -->
<testsuite hostname="LAPTOP-NMFO0EJL" failures="0" tests="1" name="com.test.Browser" time="7.934" errors="0" timestamp="2020-06-24T17:33:59 EDT" skipped="0">
  <testcase classname="com.test.Browser" name="openBrowser" time="7.934"/>
  <system-out/>
</testsuite> <!-- com.test.Browser -->
