<?xml version="1.0" encoding="UTF-8"?>
<!-- Generated by org.testng.reporters.JUnitReportReporter -->
<testsuite hostname="LAPTOP-NMFO0EJL" failures="0" tests="1" name="com.test.BrowserLog4" time="9.160" errors="0" timestamp="2020-07-05T16:02:18 EDT" skipped="0">
  <testcase classname="com.test.BrowserLog4" name="openB" time="9.160"/>
  <system-out/>
</testsuite> <!-- com.test.BrowserLog4 -->
