<?xml version="1.0" encoding="UTF-8"?>
<!-- Generated by org.testng.reporters.JUnitReportReporter -->
<testsuite hostname="LAPTOP-NMFO0EJL" failures="0" tests="6" name="com.test.Excel_ReadB" time="47.124" errors="0" timestamp="2020-06-27T21:45:16 EDT" skipped="0">
  <testcase classname="com.test.Excel_ReadB" name="test" time="8.071"/>
  <system-out/>
  <testcase classname="com.test.Excel_ReadB" name="test" time="7.606"/>
  <system-out/>
  <testcase classname="com.test.Excel_ReadB" name="test" time="7.669"/>
  <system-out/>
  <testcase classname="com.test.Excel_ReadB" name="test" time="7.696"/>
  <system-out/>
  <testcase classname="com.test.Excel_ReadB" name="test" time="7.763"/>
  <system-out/>
  <testcase classname="com.test.Excel_ReadB" name="test" time="8.319"/>
  <system-out/>
</testsuite> <!-- com.test.Excel_ReadB -->
